<?xml version="1.0" encoding="UTF-8"?>
<!-- Generated by org.testng.reporters.JUnitReportReporter -->
<testsuite hostname="Bhabajit" failures="0" tests="1" name="TestLayerPackage.TestLayerClass" time="1.115" errors="0" timestamp="2024-01-14T12:10:27 IST" skipped="0">
  <testcase classname="TestLayerPackage.TestLayerClass" name="validatecraeteAccountfunctionality" time="1.115"/>
  <system-out/>
</testsuite> <!-- TestLayerPackage.TestLayerClass -->
