<?xml version="1.0" encoding="UTF-8"?>
<!-- Generated by org.testng.reporters.JUnitReportReporter -->
<testsuite hostname="Bhabajit" failures="0" tests="1" name="TestLayerPackage.TestLayerClass" time="0.496" errors="0" timestamp="2024-01-11T23:56:10 IST" skipped="0">
  <testcase classname="TestLayerPackage.TestLayerClass" name="validatecraeteAccountfunctionality" time="0.496"/>
  <system-out/>
</testsuite> <!-- TestLayerPackage.TestLayerClass -->
